[1.949s] DEBUG:colcon:Command line arguments: ['/usr/bin/colcon', 'build', '--symlink-install']
[1.950s] DEBUG:colcon:Parsed command line arguments: Namespace(allow_overriding=[], ament_cmake_args=None, base_paths=['.'], build_base='build', catkin_cmake_args=None, catkin_skip_building_tests=False, cmake_args=None, cmake_clean_cache=False, cmake_clean_first=False, cmake_force_configure=False, cmake_target=None, cmake_target_skip_unavailable=False, continue_on_error=False, event_handlers=None, executor='parallel', ignore_user_meta=False, install_base='install', log_base=None, log_level=None, main=<bound method BuildVerb.main of <colcon_core.verb.build.BuildVerb object at 0x7f91784b00>>, merge_install=False, metas=['./colcon.meta'], packages_above=None, packages_above_and_dependencies=None, packages_above_depth=None, packages_end=None, packages_ignore=None, packages_ignore_regex=None, packages_select=None, packages_select_build_failed=False, packages_select_by_dep=None, packages_select_regex=None, packages_select_test_failures=False, packages_skip=None, packages_skip_build_finished=False, packages_skip_by_dep=None, packages_skip_regex=None, packages_skip_test_passed=False, packages_skip_up_to=None, packages_start=None, packages_up_to=None, packages_up_to_regex=None, parallel_workers=4, paths=None, symlink_install=True, test_result_base=None, verb_extension=<colcon_core.verb.build.BuildVerb object at 0x7f91784b00>, verb_name='build', verb_parser=<colcon_defaults.argument_parser.defaults.DefaultArgumentsDecorator object at 0x7f91784d68>)
[2.195s] Level 1:colcon.colcon_core.package_discovery:discover_packages(colcon_meta) check parameters
[2.195s] Level 1:colcon.colcon_core.package_discovery:discover_packages(recursive) check parameters
[2.196s] Level 1:colcon.colcon_core.package_discovery:discover_packages(ignore) check parameters
[2.196s] Level 1:colcon.colcon_core.package_discovery:discover_packages(path) check parameters
[2.196s] Level 1:colcon.colcon_core.package_discovery:discover_packages(colcon_meta) discover
[2.197s] Level 1:colcon.colcon_core.package_discovery:discover_packages(recursive) discover
[2.198s] INFO:colcon.colcon_core.package_discovery:Crawling recursively for packages in '/home/mcav-cv2x-2/mrn/src'
[2.198s] Level 1:colcon.colcon_core.package_identification:_identify(.) by extensions ['ignore', 'ignore_ament_install']
[2.199s] Level 1:colcon.colcon_core.package_identification:_identify(.) by extension 'ignore'
[2.199s] Level 1:colcon.colcon_core.package_identification:_identify(.) by extension 'ignore_ament_install'
[2.200s] Level 1:colcon.colcon_core.package_identification:_identify(.) by extensions ['colcon_pkg']
[2.200s] Level 1:colcon.colcon_core.package_identification:_identify(.) by extension 'colcon_pkg'
[2.200s] Level 1:colcon.colcon_core.package_identification:_identify(.) by extensions ['colcon_meta']
[2.200s] Level 1:colcon.colcon_core.package_identification:_identify(.) by extension 'colcon_meta'
[2.201s] Level 1:colcon.colcon_core.package_identification:_identify(.) by extensions ['ros']
[2.201s] Level 1:colcon.colcon_core.package_identification:_identify(.) by extension 'ros'
[2.273s] Level 1:colcon.colcon_core.package_identification:_identify(.) by extensions ['cmake', 'python']
[2.273s] Level 1:colcon.colcon_core.package_identification:_identify(.) by extension 'cmake'
[2.273s] Level 1:colcon.colcon_core.package_identification:_identify(.) by extension 'python'
[2.274s] Level 1:colcon.colcon_core.package_identification:_identify(.) by extensions ['python_setup_py']
[2.274s] Level 1:colcon.colcon_core.package_identification:_identify(.) by extension 'python_setup_py'
[2.274s] Level 1:colcon.colcon_core.package_identification:_identify(build) by extensions ['ignore', 'ignore_ament_install']
[2.275s] Level 1:colcon.colcon_core.package_identification:_identify(build) by extension 'ignore'
[2.275s] Level 1:colcon.colcon_core.package_identification:_identify(build) ignored
[2.277s] Level 1:colcon.colcon_core.package_identification:_identify(demo) by extensions ['ignore', 'ignore_ament_install']
[2.278s] Level 1:colcon.colcon_core.package_identification:_identify(demo) by extension 'ignore'
[2.278s] Level 1:colcon.colcon_core.package_identification:_identify(demo) by extension 'ignore_ament_install'
[2.278s] Level 1:colcon.colcon_core.package_identification:_identify(demo) by extensions ['colcon_pkg']
[2.278s] Level 1:colcon.colcon_core.package_identification:_identify(demo) by extension 'colcon_pkg'
[2.279s] Level 1:colcon.colcon_core.package_identification:_identify(demo) by extensions ['colcon_meta']
[2.279s] Level 1:colcon.colcon_core.package_identification:_identify(demo) by extension 'colcon_meta'
[2.279s] Level 1:colcon.colcon_core.package_identification:_identify(demo) by extensions ['ros']
[2.279s] Level 1:colcon.colcon_core.package_identification:_identify(demo) by extension 'ros'
[2.295s] DEBUG:colcon.colcon_core.package_identification:Package 'demo' with type 'ros.ament_python' and name 'demo'
[2.296s] Level 1:colcon.colcon_core.package_identification:_identify(install) by extensions ['ignore', 'ignore_ament_install']
[2.297s] Level 1:colcon.colcon_core.package_identification:_identify(install) by extension 'ignore'
[2.297s] Level 1:colcon.colcon_core.package_identification:_identify(install) ignored
[2.297s] Level 1:colcon.colcon_core.package_identification:_identify(log) by extensions ['ignore', 'ignore_ament_install']
[2.298s] Level 1:colcon.colcon_core.package_identification:_identify(log) by extension 'ignore'
[2.298s] Level 1:colcon.colcon_core.package_identification:_identify(log) ignored
[2.298s] Level 1:colcon.colcon_core.package_discovery:discover_packages(recursive) using defaults
[2.299s] Level 1:colcon.colcon_core.package_discovery:discover_packages(ignore) discover
[2.300s] Level 1:colcon.colcon_core.package_discovery:discover_packages(ignore) using defaults
[2.300s] Level 1:colcon.colcon_core.package_discovery:discover_packages(path) discover
[2.300s] Level 1:colcon.colcon_core.package_discovery:discover_packages(path) using defaults
[2.437s] Level 1:colcon.colcon_core.package_discovery:discover_packages(prefix_path) check parameters
[2.437s] Level 1:colcon.colcon_core.package_discovery:discover_packages(prefix_path) discover
[2.460s] DEBUG:colcon.colcon_installed_package_information.package_discovery:Found 215 installed packages in /opt/ros/dashing
[2.470s] Level 1:colcon.colcon_core.package_discovery:discover_packages(prefix_path) using defaults
[2.952s] Level 5:colcon.colcon_core.verb:set package 'demo' build argument 'cmake_args' from command line to 'None'
[2.952s] Level 5:colcon.colcon_core.verb:set package 'demo' build argument 'cmake_target' from command line to 'None'
[2.953s] Level 5:colcon.colcon_core.verb:set package 'demo' build argument 'cmake_target_skip_unavailable' from command line to 'False'
[2.953s] Level 5:colcon.colcon_core.verb:set package 'demo' build argument 'cmake_clean_cache' from command line to 'False'
[2.953s] Level 5:colcon.colcon_core.verb:set package 'demo' build argument 'cmake_clean_first' from command line to 'False'
[2.953s] Level 5:colcon.colcon_core.verb:set package 'demo' build argument 'cmake_force_configure' from command line to 'False'
[2.953s] Level 5:colcon.colcon_core.verb:set package 'demo' build argument 'ament_cmake_args' from command line to 'None'
[2.954s] Level 5:colcon.colcon_core.verb:set package 'demo' build argument 'catkin_cmake_args' from command line to 'None'
[2.954s] Level 5:colcon.colcon_core.verb:set package 'demo' build argument 'catkin_skip_building_tests' from command line to 'False'
[2.954s] DEBUG:colcon.colcon_core.verb:Building package 'demo' with the following arguments: {'ament_cmake_args': None, 'build_base': '/home/mcav-cv2x-2/mrn/src/build/demo', 'catkin_cmake_args': None, 'catkin_skip_building_tests': False, 'cmake_args': None, 'cmake_clean_cache': False, 'cmake_clean_first': False, 'cmake_force_configure': False, 'cmake_target': None, 'cmake_target_skip_unavailable': False, 'install_base': '/home/mcav-cv2x-2/mrn/src/install/demo', 'merge_install': False, 'path': '/home/mcav-cv2x-2/mrn/src/demo', 'symlink_install': True, 'test_result_base': None}
[2.958s] INFO:colcon.colcon_core.executor:Executing jobs using 'parallel' executor
[2.977s] DEBUG:colcon.colcon_parallel_executor.executor.parallel:run_until_complete
[2.978s] INFO:colcon.colcon_ros.task.ament_python.build:Building ROS package in '/home/mcav-cv2x-2/mrn/src/demo' with build type 'ament_python'
[2.979s] Level 1:colcon.colcon_core.shell:create_environment_hook('demo', 'ament_prefix_path')
[3.008s] INFO:colcon.colcon_core.plugin_system:Skipping extension 'colcon_core.shell.bat': Not used on non-Windows systems
[3.010s] INFO:colcon.colcon_core.shell:Creating environment hook '/home/mcav-cv2x-2/mrn/src/install/demo/share/demo/hook/ament_prefix_path.ps1'
[3.016s] INFO:colcon.colcon_core.shell:Creating environment descriptor '/home/mcav-cv2x-2/mrn/src/install/demo/share/demo/hook/ament_prefix_path.dsv'
[3.019s] INFO:colcon.colcon_core.shell:Creating environment hook '/home/mcav-cv2x-2/mrn/src/install/demo/share/demo/hook/ament_prefix_path.sh'
[3.032s] INFO:colcon.colcon_core.shell:Skip shell extension 'powershell' for command environment: Not usable outside of PowerShell
[3.032s] DEBUG:colcon.colcon_core.shell:Skip shell extension 'dsv' for command environment
[4.504s] INFO:colcon.colcon_core.task.python.build:Building Python package in '/home/mcav-cv2x-2/mrn/src/demo'
[4.512s] INFO:colcon.colcon_core.shell:Skip shell extension 'powershell' for command environment: Not usable outside of PowerShell
[4.512s] DEBUG:colcon.colcon_core.shell:Skip shell extension 'dsv' for command environment
[6.546s] DEBUG:colcon.colcon_core.event_handler.log_command:Invoking command in '/home/mcav-cv2x-2/mrn/src/build/demo': PYTHONPATH=/home/mcav-cv2x-2/mrn/src/build/demo/prefix_override:/home/mcav-cv2x-2/mrn/src/install/demo/lib/python3.6/site-packages:${PYTHONPATH} /usr/bin/python3 setup.py develop --editable --build-directory /home/mcav-cv2x-2/mrn/src/build/demo/build --no-deps install_data
[8.680s] Level 1:colcon.colcon_core.shell:create_environment_hook('demo', 'pythonpath_develop')
[8.682s] DEBUG:colcon.colcon_core.event_handler.log_command:Invoked command in '/home/mcav-cv2x-2/mrn/src/build/demo' returned '0': PYTHONPATH=/home/mcav-cv2x-2/mrn/src/build/demo/prefix_override:/home/mcav-cv2x-2/mrn/src/install/demo/lib/python3.6/site-packages:${PYTHONPATH} /usr/bin/python3 setup.py develop --editable --build-directory /home/mcav-cv2x-2/mrn/src/build/demo/build --no-deps install_data
[8.691s] INFO:colcon.colcon_core.shell:Creating environment hook '/home/mcav-cv2x-2/mrn/src/build/demo/share/demo/hook/pythonpath_develop.ps1'
[8.699s] INFO:colcon.colcon_core.shell:Creating environment descriptor '/home/mcav-cv2x-2/mrn/src/build/demo/share/demo/hook/pythonpath_develop.dsv'
[8.701s] INFO:colcon.colcon_core.shell:Creating environment hook '/home/mcav-cv2x-2/mrn/src/build/demo/share/demo/hook/pythonpath_develop.sh'
[8.861s] Level 1:colcon.colcon_core.environment:checking '/home/mcav-cv2x-2/mrn/src/install/demo' for CMake module files
[8.865s] Level 1:colcon.colcon_core.environment:checking '/home/mcav-cv2x-2/mrn/src/install/demo' for CMake config files
[8.872s] Level 1:colcon.colcon_core.environment:checking '/home/mcav-cv2x-2/mrn/src/install/demo/lib'
[8.873s] Level 1:colcon.colcon_core.environment:checking '/home/mcav-cv2x-2/mrn/src/install/demo/bin'
[8.873s] Level 1:colcon.colcon_core.environment:checking '/home/mcav-cv2x-2/mrn/src/install/demo/lib/pkgconfig/demo.pc'
[8.874s] Level 1:colcon.colcon_core.environment:checking '/home/mcav-cv2x-2/mrn/src/install/demo/lib/python3.6/site-packages'
[8.875s] Level 1:colcon.colcon_core.shell:create_environment_hook('demo', 'pythonpath')
[8.882s] INFO:colcon.colcon_core.shell:Creating environment hook '/home/mcav-cv2x-2/mrn/src/install/demo/share/demo/hook/pythonpath.ps1'
[8.884s] INFO:colcon.colcon_core.shell:Creating environment descriptor '/home/mcav-cv2x-2/mrn/src/install/demo/share/demo/hook/pythonpath.dsv'
[8.886s] INFO:colcon.colcon_core.shell:Creating environment hook '/home/mcav-cv2x-2/mrn/src/install/demo/share/demo/hook/pythonpath.sh'
[8.888s] Level 1:colcon.colcon_core.environment:checking '/home/mcav-cv2x-2/mrn/src/install/demo/bin'
[8.889s] Level 1:colcon.colcon_core.environment:create_environment_scripts_only(demo)
[8.898s] INFO:colcon.colcon_core.shell:Creating package script '/home/mcav-cv2x-2/mrn/src/install/demo/share/demo/package.ps1'
[8.934s] INFO:colcon.colcon_core.shell:Creating package descriptor '/home/mcav-cv2x-2/mrn/src/install/demo/share/demo/package.dsv'
[8.940s] INFO:colcon.colcon_core.shell:Creating package script '/home/mcav-cv2x-2/mrn/src/install/demo/share/demo/package.sh'
[8.945s] INFO:colcon.colcon_core.shell:Creating package script '/home/mcav-cv2x-2/mrn/src/install/demo/share/demo/package.bash'
[8.951s] INFO:colcon.colcon_core.shell:Creating package script '/home/mcav-cv2x-2/mrn/src/install/demo/share/demo/package.zsh'
[8.956s] Level 1:colcon.colcon_core.environment:create_file_with_runtime_dependencies(/home/mcav-cv2x-2/mrn/src/install/demo/share/colcon-core/packages/demo)
[8.959s] DEBUG:colcon.colcon_parallel_executor.executor.parallel:closing loop
[8.960s] DEBUG:colcon.colcon_parallel_executor.executor.parallel:loop closed
[8.961s] DEBUG:colcon.colcon_parallel_executor.executor.parallel:run_until_complete finished with '0'
[8.962s] DEBUG:colcon.colcon_core.event_reactor:joining thread
[8.998s] INFO:colcon.colcon_core.plugin_system:Skipping extension 'colcon_notification.desktop_notification.terminal_notifier': Not used on non-Darwin systems
[8.998s] INFO:colcon.colcon_core.plugin_system:Skipping extension 'colcon_notification.desktop_notification.win32': Not used on non-Windows systems
[8.999s] INFO:colcon.colcon_notification.desktop_notification:Sending desktop notification using 'notify2'
[9.259s] DEBUG:colcon.colcon_core.event_reactor:joined thread
[9.269s] INFO:colcon.colcon_core.shell:Creating prefix script '/home/mcav-cv2x-2/mrn/src/install/local_setup.ps1'
[9.278s] INFO:colcon.colcon_core.shell:Creating prefix util module '/home/mcav-cv2x-2/mrn/src/install/_local_setup_util_ps1.py'
[9.291s] INFO:colcon.colcon_core.shell:Creating prefix chain script '/home/mcav-cv2x-2/mrn/src/install/setup.ps1'
[9.302s] INFO:colcon.colcon_core.shell:Creating prefix script '/home/mcav-cv2x-2/mrn/src/install/local_setup.sh'
[9.306s] INFO:colcon.colcon_core.shell:Creating prefix util module '/home/mcav-cv2x-2/mrn/src/install/_local_setup_util_sh.py'
[9.309s] INFO:colcon.colcon_core.shell:Creating prefix chain script '/home/mcav-cv2x-2/mrn/src/install/setup.sh'
[9.318s] INFO:colcon.colcon_core.shell:Creating prefix script '/home/mcav-cv2x-2/mrn/src/install/local_setup.bash'
[9.321s] INFO:colcon.colcon_core.shell:Creating prefix chain script '/home/mcav-cv2x-2/mrn/src/install/setup.bash'
[9.330s] INFO:colcon.colcon_core.shell:Creating prefix script '/home/mcav-cv2x-2/mrn/src/install/local_setup.zsh'
[9.333s] INFO:colcon.colcon_core.shell:Creating prefix chain script '/home/mcav-cv2x-2/mrn/src/install/setup.zsh'
