running develop
running egg_info
creating demo.egg-info
writing demo.egg-info/PKG-INFO
writing dependency_links to demo.egg-info/dependency_links.txt
writing entry points to demo.egg-info/entry_points.txt
writing requirements to demo.egg-info/requires.txt
writing top-level names to demo.egg-info/top_level.txt
writing manifest file 'demo.egg-info/SOURCES.txt'
reading manifest file 'demo.egg-info/SOURCES.txt'
writing manifest file 'demo.egg-info/SOURCES.txt'
running build_ext
Creating /home/mcav-cv2x-2/mrn/src/install/demo/lib/python3.6/site-packages/site.py
Creating /home/mcav-cv2x-2/mrn/src/install/demo/lib/python3.6/site-packages/demo.egg-link (link to .)
Installing test_code script to /home/mcav-cv2x-2/mrn/src/install/demo/lib/demo

Installed /home/mcav-cv2x-2/mrn/src/build/demo
running install_data
creating /home/mcav-cv2x-2/mrn/src/install/demo/share/ament_index
creating /home/mcav-cv2x-2/mrn/src/install/demo/share/ament_index/resource_index
creating /home/mcav-cv2x-2/mrn/src/install/demo/share/ament_index/resource_index/packages
copying resource/demo -> /home/mcav-cv2x-2/mrn/src/install/demo/share/ament_index/resource_index/packages
copying package.xml -> /home/mcav-cv2x-2/mrn/src/install/demo/share/demo
