[3.263s] Invoking command in '/home/mcav-cv2x-2/mrn/src/build/demo': PYTHONPATH=/home/mcav-cv2x-2/mrn/src/build/demo/prefix_override:/home/mcav-cv2x-2/mrn/src/install/demo/lib/python3.6/site-packages:${PYTHONPATH} /usr/bin/python3 setup.py develop --editable --build-directory /home/mcav-cv2x-2/mrn/src/build/demo/build --no-deps install_data
[4.443s] running develop
[5.038s] running egg_info
[5.039s] creating demo.egg-info
[5.039s] writing demo.egg-info/PKG-INFO
[5.040s] writing dependency_links to demo.egg-info/dependency_links.txt
[5.041s] writing entry points to demo.egg-info/entry_points.txt
[5.041s] writing requirements to demo.egg-info/requires.txt
[5.042s] writing top-level names to demo.egg-info/top_level.txt
[5.064s] writing manifest file 'demo.egg-info/SOURCES.txt'
[5.232s] reading manifest file 'demo.egg-info/SOURCES.txt'
[5.236s] writing manifest file 'demo.egg-info/SOURCES.txt'
[5.242s] running build_ext
[5.244s] Creating /home/mcav-cv2x-2/mrn/src/install/demo/lib/python3.6/site-packages/site.py
[5.248s] Creating /home/mcav-cv2x-2/mrn/src/install/demo/lib/python3.6/site-packages/demo.egg-link (link to .)
[5.251s] Installing test_code script to /home/mcav-cv2x-2/mrn/src/install/demo/lib/demo
[5.252s] 
[5.252s] Installed /home/mcav-cv2x-2/mrn/src/build/demo
[5.253s] running install_data
[5.254s] creating /home/mcav-cv2x-2/mrn/src/install/demo/share/ament_index
[5.254s] creating /home/mcav-cv2x-2/mrn/src/install/demo/share/ament_index/resource_index
[5.255s] creating /home/mcav-cv2x-2/mrn/src/install/demo/share/ament_index/resource_index/packages
[5.255s] copying resource/demo -> /home/mcav-cv2x-2/mrn/src/install/demo/share/ament_index/resource_index/packages
[5.256s] copying package.xml -> /home/mcav-cv2x-2/mrn/src/install/demo/share/demo
[5.374s] Invoked command in '/home/mcav-cv2x-2/mrn/src/build/demo' returned '0': PYTHONPATH=/home/mcav-cv2x-2/mrn/src/build/demo/prefix_override:/home/mcav-cv2x-2/mrn/src/install/demo/lib/python3.6/site-packages:${PYTHONPATH} /usr/bin/python3 setup.py develop --editable --build-directory /home/mcav-cv2x-2/mrn/src/build/demo/build --no-deps install_data
