[1.571s] DEBUG:colcon:Command line arguments: ['/usr/bin/colcon', 'build', '--symlink-install']
[1.571s] DEBUG:colcon:Parsed command line arguments: Namespace(allow_overriding=[], ament_cmake_args=None, base_paths=['.'], build_base='build', catkin_cmake_args=None, catkin_skip_building_tests=False, cmake_args=None, cmake_clean_cache=False, cmake_clean_first=False, cmake_force_configure=False, cmake_target=None, cmake_target_skip_unavailable=False, continue_on_error=False, event_handlers=None, executor='parallel', ignore_user_meta=False, install_base='install', log_base=None, log_level=None, main=<bound method BuildVerb.main of <colcon_core.verb.build.BuildVerb object at 0x7f9ce53b00>>, merge_install=False, metas=['./colcon.meta'], packages_above=None, packages_above_and_dependencies=None, packages_above_depth=None, packages_end=None, packages_ignore=None, packages_ignore_regex=None, packages_select=None, packages_select_build_failed=False, packages_select_by_dep=None, packages_select_regex=None, packages_select_test_failures=False, packages_skip=None, packages_skip_build_finished=False, packages_skip_by_dep=None, packages_skip_regex=None, packages_skip_test_passed=False, packages_skip_up_to=None, packages_start=None, packages_up_to=None, packages_up_to_regex=None, parallel_workers=4, paths=None, symlink_install=True, test_result_base=None, verb_extension=<colcon_core.verb.build.BuildVerb object at 0x7f9ce53b00>, verb_name='build', verb_parser=<colcon_defaults.argument_parser.defaults.DefaultArgumentsDecorator object at 0x7f9ce53d68>)
[1.814s] Level 1:colcon.colcon_core.package_discovery:discover_packages(colcon_meta) check parameters
[1.815s] Level 1:colcon.colcon_core.package_discovery:discover_packages(recursive) check parameters
[1.815s] Level 1:colcon.colcon_core.package_discovery:discover_packages(ignore) check parameters
[1.815s] Level 1:colcon.colcon_core.package_discovery:discover_packages(path) check parameters
[1.815s] Level 1:colcon.colcon_core.package_discovery:discover_packages(colcon_meta) discover
[1.817s] Level 1:colcon.colcon_core.package_discovery:discover_packages(recursive) discover
[1.817s] INFO:colcon.colcon_core.package_discovery:Crawling recursively for packages in '/home/mcav-cv2x-2/mrn/src'
[1.817s] Level 1:colcon.colcon_core.package_identification:_identify(.) by extensions ['ignore', 'ignore_ament_install']
[1.818s] Level 1:colcon.colcon_core.package_identification:_identify(.) by extension 'ignore'
[1.818s] Level 1:colcon.colcon_core.package_identification:_identify(.) by extension 'ignore_ament_install'
[1.819s] Level 1:colcon.colcon_core.package_identification:_identify(.) by extensions ['colcon_pkg']
[1.819s] Level 1:colcon.colcon_core.package_identification:_identify(.) by extension 'colcon_pkg'
[1.819s] Level 1:colcon.colcon_core.package_identification:_identify(.) by extensions ['colcon_meta']
[1.819s] Level 1:colcon.colcon_core.package_identification:_identify(.) by extension 'colcon_meta'
[1.819s] Level 1:colcon.colcon_core.package_identification:_identify(.) by extensions ['ros']
[1.820s] Level 1:colcon.colcon_core.package_identification:_identify(.) by extension 'ros'
[1.875s] Level 1:colcon.colcon_core.package_identification:_identify(.) by extensions ['cmake', 'python']
[1.876s] Level 1:colcon.colcon_core.package_identification:_identify(.) by extension 'cmake'
[1.876s] Level 1:colcon.colcon_core.package_identification:_identify(.) by extension 'python'
[1.876s] Level 1:colcon.colcon_core.package_identification:_identify(.) by extensions ['python_setup_py']
[1.876s] Level 1:colcon.colcon_core.package_identification:_identify(.) by extension 'python_setup_py'
[1.877s] Level 1:colcon.colcon_core.package_identification:_identify(build) by extensions ['ignore', 'ignore_ament_install']
[1.877s] Level 1:colcon.colcon_core.package_identification:_identify(build) by extension 'ignore'
[1.878s] Level 1:colcon.colcon_core.package_identification:_identify(build) ignored
[1.879s] Level 1:colcon.colcon_core.package_identification:_identify(demo) by extensions ['ignore', 'ignore_ament_install']
[1.880s] Level 1:colcon.colcon_core.package_identification:_identify(demo) by extension 'ignore'
[1.880s] Level 1:colcon.colcon_core.package_identification:_identify(demo) by extension 'ignore_ament_install'
[1.880s] Level 1:colcon.colcon_core.package_identification:_identify(demo) by extensions ['colcon_pkg']
[1.881s] Level 1:colcon.colcon_core.package_identification:_identify(demo) by extension 'colcon_pkg'
[1.881s] Level 1:colcon.colcon_core.package_identification:_identify(demo) by extensions ['colcon_meta']
[1.881s] Level 1:colcon.colcon_core.package_identification:_identify(demo) by extension 'colcon_meta'
[1.881s] Level 1:colcon.colcon_core.package_identification:_identify(demo) by extensions ['ros']
[1.882s] Level 1:colcon.colcon_core.package_identification:_identify(demo) by extension 'ros'
[1.898s] DEBUG:colcon.colcon_core.package_identification:Package 'demo' with type 'ros.ament_python' and name 'demo'
[1.898s] Level 1:colcon.colcon_core.package_identification:_identify(install) by extensions ['ignore', 'ignore_ament_install']
[1.899s] Level 1:colcon.colcon_core.package_identification:_identify(install) by extension 'ignore'
[1.899s] Level 1:colcon.colcon_core.package_identification:_identify(install) ignored
[1.900s] Level 1:colcon.colcon_core.package_identification:_identify(log) by extensions ['ignore', 'ignore_ament_install']
[1.900s] Level 1:colcon.colcon_core.package_identification:_identify(log) by extension 'ignore'
[1.900s] Level 1:colcon.colcon_core.package_identification:_identify(log) ignored
[1.901s] Level 1:colcon.colcon_core.package_discovery:discover_packages(recursive) using defaults
[1.902s] Level 1:colcon.colcon_core.package_discovery:discover_packages(ignore) discover
[1.902s] Level 1:colcon.colcon_core.package_discovery:discover_packages(ignore) using defaults
[1.902s] Level 1:colcon.colcon_core.package_discovery:discover_packages(path) discover
[1.902s] Level 1:colcon.colcon_core.package_discovery:discover_packages(path) using defaults
[2.027s] Level 1:colcon.colcon_core.package_discovery:discover_packages(prefix_path) check parameters
[2.027s] Level 1:colcon.colcon_core.package_discovery:discover_packages(prefix_path) discover
[2.056s] DEBUG:colcon.colcon_installed_package_information.package_discovery:Found 215 installed packages in /opt/ros/dashing
[2.066s] Level 1:colcon.colcon_core.package_discovery:discover_packages(prefix_path) using defaults
[2.500s] Level 5:colcon.colcon_core.verb:set package 'demo' build argument 'cmake_args' from command line to 'None'
[2.500s] Level 5:colcon.colcon_core.verb:set package 'demo' build argument 'cmake_target' from command line to 'None'
[2.500s] Level 5:colcon.colcon_core.verb:set package 'demo' build argument 'cmake_target_skip_unavailable' from command line to 'False'
[2.501s] Level 5:colcon.colcon_core.verb:set package 'demo' build argument 'cmake_clean_cache' from command line to 'False'
[2.501s] Level 5:colcon.colcon_core.verb:set package 'demo' build argument 'cmake_clean_first' from command line to 'False'
[2.501s] Level 5:colcon.colcon_core.verb:set package 'demo' build argument 'cmake_force_configure' from command line to 'False'
[2.501s] Level 5:colcon.colcon_core.verb:set package 'demo' build argument 'ament_cmake_args' from command line to 'None'
[2.501s] Level 5:colcon.colcon_core.verb:set package 'demo' build argument 'catkin_cmake_args' from command line to 'None'
[2.502s] Level 5:colcon.colcon_core.verb:set package 'demo' build argument 'catkin_skip_building_tests' from command line to 'False'
[2.502s] DEBUG:colcon.colcon_core.verb:Building package 'demo' with the following arguments: {'ament_cmake_args': None, 'build_base': '/home/mcav-cv2x-2/mrn/src/build/demo', 'catkin_cmake_args': None, 'catkin_skip_building_tests': False, 'cmake_args': None, 'cmake_clean_cache': False, 'cmake_clean_first': False, 'cmake_force_configure': False, 'cmake_target': None, 'cmake_target_skip_unavailable': False, 'install_base': '/home/mcav-cv2x-2/mrn/src/install/demo', 'merge_install': False, 'path': '/home/mcav-cv2x-2/mrn/src/demo', 'symlink_install': True, 'test_result_base': None}
[2.506s] INFO:colcon.colcon_core.executor:Executing jobs using 'parallel' executor
[2.524s] DEBUG:colcon.colcon_parallel_executor.executor.parallel:run_until_complete
[2.525s] INFO:colcon.colcon_ros.task.ament_python.build:Building ROS package in '/home/mcav-cv2x-2/mrn/src/demo' with build type 'ament_python'
[2.525s] Level 1:colcon.colcon_core.shell:create_environment_hook('demo', 'ament_prefix_path')
[2.558s] INFO:colcon.colcon_core.plugin_system:Skipping extension 'colcon_core.shell.bat': Not used on non-Windows systems
[2.559s] INFO:colcon.colcon_core.shell:Creating environment hook '/home/mcav-cv2x-2/mrn/src/install/demo/share/demo/hook/ament_prefix_path.ps1'
[2.564s] INFO:colcon.colcon_core.shell:Creating environment descriptor '/home/mcav-cv2x-2/mrn/src/install/demo/share/demo/hook/ament_prefix_path.dsv'
[2.567s] INFO:colcon.colcon_core.shell:Creating environment hook '/home/mcav-cv2x-2/mrn/src/install/demo/share/demo/hook/ament_prefix_path.sh'
[2.578s] INFO:colcon.colcon_core.shell:Skip shell extension 'powershell' for command environment: Not usable outside of PowerShell
[2.579s] DEBUG:colcon.colcon_core.shell:Skip shell extension 'dsv' for command environment
[3.729s] INFO:colcon.colcon_core.task.python.build:Building Python package in '/home/mcav-cv2x-2/mrn/src/demo'
[3.738s] INFO:colcon.colcon_core.shell:Skip shell extension 'powershell' for command environment: Not usable outside of PowerShell
[3.738s] DEBUG:colcon.colcon_core.shell:Skip shell extension 'dsv' for command environment
[5.791s] DEBUG:colcon.colcon_core.event_handler.log_command:Invoking command in '/home/mcav-cv2x-2/mrn/src/build/demo': PYTHONPATH=/home/mcav-cv2x-2/mrn/src/build/demo/prefix_override:/home/mcav-cv2x-2/mrn/src/install/demo/lib/python3.6/site-packages:${PYTHONPATH} /usr/bin/python3 setup.py develop --editable --build-directory /home/mcav-cv2x-2/mrn/src/build/demo/build --no-deps install_data
[7.891s] Level 1:colcon.colcon_core.shell:create_environment_hook('demo', 'pythonpath_develop')
[7.901s] INFO:colcon.colcon_core.shell:Creating environment hook '/home/mcav-cv2x-2/mrn/src/build/demo/share/demo/hook/pythonpath_develop.ps1'
[7.902s] DEBUG:colcon.colcon_core.event_handler.log_command:Invoked command in '/home/mcav-cv2x-2/mrn/src/build/demo' returned '0': PYTHONPATH=/home/mcav-cv2x-2/mrn/src/build/demo/prefix_override:/home/mcav-cv2x-2/mrn/src/install/demo/lib/python3.6/site-packages:${PYTHONPATH} /usr/bin/python3 setup.py develop --editable --build-directory /home/mcav-cv2x-2/mrn/src/build/demo/build --no-deps install_data
[7.905s] INFO:colcon.colcon_core.shell:Creating environment descriptor '/home/mcav-cv2x-2/mrn/src/build/demo/share/demo/hook/pythonpath_develop.dsv'
[7.906s] INFO:colcon.colcon_core.shell:Creating environment hook '/home/mcav-cv2x-2/mrn/src/build/demo/share/demo/hook/pythonpath_develop.sh'
[7.946s] Level 1:colcon.colcon_core.environment:checking '/home/mcav-cv2x-2/mrn/src/install/demo' for CMake module files
[7.949s] Level 1:colcon.colcon_core.environment:checking '/home/mcav-cv2x-2/mrn/src/install/demo' for CMake config files
[7.953s] Level 1:colcon.colcon_core.environment:checking '/home/mcav-cv2x-2/mrn/src/install/demo/lib'
[7.954s] Level 1:colcon.colcon_core.environment:checking '/home/mcav-cv2x-2/mrn/src/install/demo/bin'
[7.955s] Level 1:colcon.colcon_core.environment:checking '/home/mcav-cv2x-2/mrn/src/install/demo/lib/pkgconfig/demo.pc'
[7.956s] Level 1:colcon.colcon_core.environment:checking '/home/mcav-cv2x-2/mrn/src/install/demo/lib/python3.6/site-packages'
[7.956s] Level 1:colcon.colcon_core.shell:create_environment_hook('demo', 'pythonpath')
[7.963s] INFO:colcon.colcon_core.shell:Creating environment hook '/home/mcav-cv2x-2/mrn/src/install/demo/share/demo/hook/pythonpath.ps1'
[7.965s] INFO:colcon.colcon_core.shell:Creating environment descriptor '/home/mcav-cv2x-2/mrn/src/install/demo/share/demo/hook/pythonpath.dsv'
[7.966s] INFO:colcon.colcon_core.shell:Creating environment hook '/home/mcav-cv2x-2/mrn/src/install/demo/share/demo/hook/pythonpath.sh'
[7.968s] Level 1:colcon.colcon_core.environment:checking '/home/mcav-cv2x-2/mrn/src/install/demo/bin'
[7.968s] Level 1:colcon.colcon_core.environment:create_environment_scripts_only(demo)
[7.977s] INFO:colcon.colcon_core.shell:Creating package script '/home/mcav-cv2x-2/mrn/src/install/demo/share/demo/package.ps1'
[7.984s] INFO:colcon.colcon_core.shell:Creating package descriptor '/home/mcav-cv2x-2/mrn/src/install/demo/share/demo/package.dsv'
[7.988s] INFO:colcon.colcon_core.shell:Creating package script '/home/mcav-cv2x-2/mrn/src/install/demo/share/demo/package.sh'
[7.993s] INFO:colcon.colcon_core.shell:Creating package script '/home/mcav-cv2x-2/mrn/src/install/demo/share/demo/package.bash'
[7.999s] INFO:colcon.colcon_core.shell:Creating package script '/home/mcav-cv2x-2/mrn/src/install/demo/share/demo/package.zsh'
[8.004s] Level 1:colcon.colcon_core.environment:create_file_with_runtime_dependencies(/home/mcav-cv2x-2/mrn/src/install/demo/share/colcon-core/packages/demo)
[8.007s] DEBUG:colcon.colcon_parallel_executor.executor.parallel:closing loop
[8.009s] DEBUG:colcon.colcon_parallel_executor.executor.parallel:loop closed
[8.009s] DEBUG:colcon.colcon_parallel_executor.executor.parallel:run_until_complete finished with '0'
[8.010s] DEBUG:colcon.colcon_core.event_reactor:joining thread
[8.051s] INFO:colcon.colcon_core.plugin_system:Skipping extension 'colcon_notification.desktop_notification.terminal_notifier': Not used on non-Darwin systems
[8.052s] INFO:colcon.colcon_core.plugin_system:Skipping extension 'colcon_notification.desktop_notification.win32': Not used on non-Windows systems
[8.052s] INFO:colcon.colcon_notification.desktop_notification:Sending desktop notification using 'notify2'
[8.775s] DEBUG:colcon.colcon_core.event_reactor:joined thread
[8.784s] INFO:colcon.colcon_core.shell:Creating prefix script '/home/mcav-cv2x-2/mrn/src/install/local_setup.ps1'
[8.791s] INFO:colcon.colcon_core.shell:Creating prefix util module '/home/mcav-cv2x-2/mrn/src/install/_local_setup_util_ps1.py'
[8.801s] INFO:colcon.colcon_core.shell:Creating prefix chain script '/home/mcav-cv2x-2/mrn/src/install/setup.ps1'
[8.809s] INFO:colcon.colcon_core.shell:Creating prefix script '/home/mcav-cv2x-2/mrn/src/install/local_setup.sh'
[8.813s] INFO:colcon.colcon_core.shell:Creating prefix util module '/home/mcav-cv2x-2/mrn/src/install/_local_setup_util_sh.py'
[8.815s] INFO:colcon.colcon_core.shell:Creating prefix chain script '/home/mcav-cv2x-2/mrn/src/install/setup.sh'
[8.823s] INFO:colcon.colcon_core.shell:Creating prefix script '/home/mcav-cv2x-2/mrn/src/install/local_setup.bash'
[8.827s] INFO:colcon.colcon_core.shell:Creating prefix chain script '/home/mcav-cv2x-2/mrn/src/install/setup.bash'
[8.834s] INFO:colcon.colcon_core.shell:Creating prefix script '/home/mcav-cv2x-2/mrn/src/install/local_setup.zsh'
[8.837s] INFO:colcon.colcon_core.shell:Creating prefix chain script '/home/mcav-cv2x-2/mrn/src/install/setup.zsh'
